{
  "RSpec": {
    "coverage": {
      "/Users/nicholasdorans/turing/1module/night-writer/lib/night_writer.rb": [
        1,
        null,
        1,
        1,
        0,
        0,
        null,
        null,
        1,
        0,
        0,
        null,
        null,
        null,
        1,
        1,
        1,
        null,
        1,
        8,
        8,
        null,
        null,
        null,
        null,
        null,
        null,
        null,
        null,
        null,
        null,
        null,
        8,
        8,
        null,
        null,
        1,
        null,
        null,
        0,
        0,
        null,
        null,
        1,
        null,
        0,
        null,
        null,
        null,
        null,
        1,
        1,
        null,
        null,
        1,
        1,
        null,
        null,
        1,
        1,
        null,
        null,
        1,
        0,
        0,
        0,
        null,
        null,
        null,
        null,
        1,
        23,
        23,
        2,
        2,
        21,
        1,
        20,
        0,
        20,
        0,
        20,
        0,
        20,
        0,
        20,
        0,
        20,
        0,
        null,
        20,
        null,
        null,
        null,
        1,
        0,
        null,
        null,
        1,
        6,
        21,
        null,
        null,
        null,
        1,
        3,
        3,
        6,
        0,
        0,
        null,
        6,
        null,
        null,
        3,
        null,
        1,
        1,
        1,
        2,
        null,
        1,
        null,
        1,
        1,
        1,
        2,
        null,
        1,
        null,
        1,
        1,
        1,
        2,
        null,
        1,
        null,
        1,
        0,
        0,
        0,
        0,
        null,
        null,
        null,
        null,
        1,
        null,
        1,
        0,
        0,
        0,
        0,
        null,
        0,
        0,
        0,
        null,
        0,
        null
      ],
      "/Users/nicholasdorans/turing/1module/night-writer/test/test_helper.rb": [
        1,
        1
      ]
    },
    "timestamp": 1450201774
  }
}
